2023.05.29 23:03:01 INFO  Started: Metals version 0.11.12 in workspace 'E:\Code_Repository\vueblog_reco_dev' for client Visual Studio Code 1.78.2.
五月 29, 2023 11:03:01 下午 org.flywaydb.core.internal.license.VersionPrinter printVersionOnly
信息: Flyway Community Edition 9.16.3 by Redgate
五月 29, 2023 11:03:01 下午 org.flywaydb.core.internal.license.VersionPrinter printVersion
信息: See release notes here: https://rd.gt/416ObMi
五月 29, 2023 11:03:01 下午 org.flywaydb.core.internal.license.VersionPrinter printVersion
信息: 
五月 29, 2023 11:03:01 下午 org.flywaydb.core.internal.database.base.BaseDatabaseType createDatabase
信息: Database: jdbc:h2:file:E:\Code_Repository\vueblog_reco_dev\.metals\metals (H2 2.1)
五月 29, 2023 11:03:01 下午 org.flywaydb.core.internal.schemahistory.JdbcTableSchemaHistory allAppliedMigrations
信息: Schema history table "PUBLIC"."flyway_schema_history" does not exist yet
五月 29, 2023 11:03:01 下午 org.flywaydb.core.internal.command.DbValidate validate
信息: Successfully validated 4 migrations (execution time 00:00.017s)
五月 29, 2023 11:03:01 下午 org.flywaydb.core.internal.schemahistory.JdbcTableSchemaHistory create
信息: Creating Schema History table "PUBLIC"."flyway_schema_history" ...
五月 29, 2023 11:03:01 下午 org.flywaydb.core.internal.command.DbMigrate migrateGroup
信息: Current version of schema "PUBLIC": << Empty Schema >>
五月 29, 2023 11:03:01 下午 org.flywaydb.core.internal.command.DbMigrate doMigrateGroup
信息: Migrating schema "PUBLIC" to version "1 - Create tables"
五月 29, 2023 11:03:01 下午 org.flywaydb.core.internal.command.DbMigrate doMigrateGroup
信息: Migrating schema "PUBLIC" to version "2 - Server discovery"
五月 29, 2023 11:03:01 下午 org.flywaydb.core.internal.command.DbMigrate doMigrateGroup
信息: Migrating schema "PUBLIC" to version "3 - Jar symbols"
五月 29, 2023 11:03:01 下午 org.flywaydb.core.internal.command.DbMigrate doMigrateGroup
信息: Migrating schema "PUBLIC" to version "4 - Fingerprints"
五月 29, 2023 11:03:01 下午 org.flywaydb.core.internal.command.DbMigrate logSummary
信息: Successfully applied 4 migrations to schema "PUBLIC", now at version v4 (execution time 00:00.041s)
2023.05.29 23:03:01 INFO  time: initialize in 0.59s
2023.05.29 23:03:02 WARN  Build server is not auto-connectable.
2023.05.29 23:03:02 WARN  no build tool detected in workspace 'E:\Code_Repository\vueblog_reco_dev'. The most common cause for this problem is that the editor was opened in the wrong working directory, for example if you use sbt then the workspace directory should contain build.sbt. 
五月 29, 2023 11:10:51 下午 org.eclipse.lsp4j.jsonrpc.services.GenericEndpoint notify
信息: Unsupported notification method: $/setTrace
